<?xml version="1.0" encoding="UTF-8"?>
<testng-results ignored="0" total="2" passed="2" failed="0" skipped="0">
  <reporter-output>
  </reporter-output>
  <suite started-at="2023-05-10T16:37:58 EDT" name="Suite" finished-at="2023-05-10T16:38:22 EDT" duration-ms="24206">
    <groups>
    </groups>
    <test started-at="2023-05-10T16:37:58 EDT" name="Test" finished-at="2023-05-10T16:38:22 EDT" duration-ms="24206">
      <class name="com.amazon.testscripts.BuyMobilePhoneTest">
        <test-method is-config="true" signature="lunchApplication()[pri:0, instance:com.amazon.testscripts.BuyMobilePhoneTest@554e218]" started-at="2023-05-10T16:37:58 EDT" name="lunchApplication" finished-at="2023-05-10T16:38:03 EDT" duration-ms="5180" status="PASS">
          <reporter-output>
          </reporter-output>
        </test-method> <!-- lunchApplication -->
        <test-method signature="buyMobilePhone()[pri:0, instance:com.amazon.testscripts.BuyMobilePhoneTest@554e218]" started-at="2023-05-10T16:38:03 EDT" name="buyMobilePhone" finished-at="2023-05-10T16:38:15 EDT" duration-ms="11971" status="PASS">
          <reporter-output>
          </reporter-output>
        </test-method> <!-- buyMobilePhone -->
        <test-method is-config="true" signature="closeBrowser()[pri:0, instance:com.amazon.testscripts.BuyMobilePhoneTest@554e218]" started-at="2023-05-10T16:38:15 EDT" name="closeBrowser" finished-at="2023-05-10T16:38:15 EDT" duration-ms="370" status="PASS">
          <reporter-output>
          </reporter-output>
        </test-method> <!-- closeBrowser -->
      </class> <!-- com.amazon.testscripts.BuyMobilePhoneTest -->
      <class name="com.amazon.testscripts.VerifyErrMsgTest">
        <test-method is-config="true" signature="lunchApplication()[pri:0, instance:com.amazon.testscripts.VerifyErrMsgTest@1608bcbd]" started-at="2023-05-10T16:38:15 EDT" name="lunchApplication" finished-at="2023-05-10T16:38:19 EDT" duration-ms="4249" status="PASS">
          <reporter-output>
          </reporter-output>
        </test-method> <!-- lunchApplication -->
        <test-method signature="verifyErrorMsg()[pri:0, instance:com.amazon.testscripts.VerifyErrMsgTest@1608bcbd]" started-at="2023-05-10T16:38:19 EDT" name="verifyErrorMsg" finished-at="2023-05-10T16:38:21 EDT" duration-ms="2087" status="PASS">
          <reporter-output>
          </reporter-output>
        </test-method> <!-- verifyErrorMsg -->
        <test-method is-config="true" signature="closeBrowser()[pri:0, instance:com.amazon.testscripts.VerifyErrMsgTest@1608bcbd]" started-at="2023-05-10T16:38:21 EDT" name="closeBrowser" finished-at="2023-05-10T16:38:22 EDT" duration-ms="299" status="PASS">
          <reporter-output>
          </reporter-output>
        </test-method> <!-- closeBrowser -->
      </class> <!-- com.amazon.testscripts.VerifyErrMsgTest -->
    </test> <!-- Test -->
  </suite> <!-- Suite -->
</testng-results>
